<?xml version="1.0" encoding="utf-8"?><testsuites name="pytest tests"><testsuite name="pytest" errors="0" failures="0" skipped="0" tests="10" time="1.314" timestamp="2026-06-28T13:10:58.665982+00:00" hostname="agent-env-c1927bab-5df9-4caf-bea1-4e8a43d89464"><testcase classname="backend.tests.test_iteration19_bug_fixes.TestLedgerEnhancedCalc" name="test_payment_rows_exist" time="0.493" /><testcase classname="backend.tests.test_iteration19_bug_fixes.TestLedgerEnhancedCalc" name="test_payments_have_allocation_method" time="0.000" /><testcase classname="backend.tests.test_iteration19_bug_fixes.TestLedgerEnhancedCalc" name="test_fifo_payment_10000" time="0.000" /><testcase classname="backend.tests.test_iteration19_bug_fixes.TestLedgerEnhancedCalc" name="test_manual_payment_5000" time="0.000" /><testcase classname="backend.tests.test_iteration19_bug_fixes.TestLedgerEnhancedCalc" name="test_no_legacy_proportional_values" time="0.000" /><testcase classname="backend.tests.test_iteration19_bug_fixes.TestIter18Regression" name="test_opening_date_locked" time="0.329" /><testcase classname="backend.tests.test_iteration19_bug_fixes.TestIter18Regression" name="test_received_before_opening_rejected" time="0.111" /><testcase classname="backend.tests.test_iteration19_bug_fixes.TestIter18Regression" name="test_preview_payment_endpoint" time="0.118" /><testcase classname="backend.tests.test_iteration19_bug_fixes.TestIter18Regression" name="test_preview_payment_before_opening_rejected" time="0.100" /><testcase classname="backend.tests.test_iteration19_bug_fixes.TestIter18Regression" name="test_manual_validation_sum_mismatch" time="0.100" /></testsuite></testsuites>