<?xml version="1.0" encoding="utf-8"?><testsuites name="pytest tests"><testsuite name="pytest" errors="0" failures="0" skipped="0" tests="10" time="4.218" timestamp="2026-03-21T20:17:47.144789+00:00" hostname="agent-env-c15e8cae-76ef-484e-9ed2-67ad4999543b"><testcase classname="backend.tests.test_iteration12_bug_fixes.TestIteration12BugFixes" name="test_landed_entry_rejects_date_before_opening_date" time="0.473" /><testcase classname="backend.tests.test_iteration12_bug_fixes.TestIteration12BugFixes" name="test_received_entry_rejects_date_before_opening_date" time="0.398" /><testcase classname="backend.tests.test_iteration12_bug_fixes.TestIteration12BugFixes" name="test_landed_entry_rejects_future_date" time="0.375" /><testcase classname="backend.tests.test_iteration12_bug_fixes.TestIteration12BugFixes" name="test_received_entry_rejects_future_date" time="0.399" /><testcase classname="backend.tests.test_iteration12_bug_fixes.TestIteration12BugFixes" name="test_landed_entry_accepts_valid_date" time="0.391" /><testcase classname="backend.tests.test_iteration12_bug_fixes.TestIteration12BugFixes" name="test_account_has_close_reopen_history" time="0.374" /><testcase classname="backend.tests.test_iteration12_bug_fixes.TestIteration12BugFixes" name="test_history_events_can_be_sorted_chronologically" time="0.375" /><testcase classname="backend.tests.test_iteration12_bug_fixes.TestIteration12BugFixes" name="test_close_account_uses_today_date" time="0.494" /><testcase classname="backend.tests.test_iteration12_bug_fixes.TestIteration12BugFixes" name="test_reopen_account_works" time="0.510" /><testcase classname="backend.tests.test_iteration12_bug_fixes.TestIteration12BugFixes" name="test_account_detail_endpoint_works" time="0.380" /></testsuite></testsuites>