<?xml version="1.0" encoding="utf-8"?><testsuites name="pytest tests"><testsuite name="pytest" errors="0" failures="0" skipped="0" tests="24" time="52.460" timestamp="2026-03-21T18:41:20.953716+00:00" hostname="agent-env-54a1417d-83b6-4d75-af71-98314a0fbbf5"><testcase classname="backend.tests.test_iteration9_new_features.TestMobileValidation" name="test_mobile_invalid_short" time="36.344" /><testcase classname="backend.tests.test_iteration9_new_features.TestMobileValidation" name="test_mobile_invalid_starts_with_1" time="0.421" /><testcase classname="backend.tests.test_iteration9_new_features.TestMobileValidation" name="test_mobile_invalid_starts_with_5" time="0.434" /><testcase classname="backend.tests.test_iteration9_new_features.TestMobileValidation" name="test_mobile_valid_starts_with_9" time="0.743" /><testcase classname="backend.tests.test_iteration9_new_features.TestMobileValidation" name="test_mobile_valid_starts_with_6" time="1.838" /><testcase classname="backend.tests.test_iteration9_new_features.TestMobileValidation" name="test_mobile_valid_starts_with_7" time="0.773" /><testcase classname="backend.tests.test_iteration9_new_features.TestMobileValidation" name="test_mobile_valid_starts_with_8" time="0.786" /><testcase classname="backend.tests.test_iteration9_new_features.TestImageUpload" name="test_image_upload_jpeg" time="0.641" /><testcase classname="backend.tests.test_iteration9_new_features.TestImageUpload" name="test_get_account_with_images" time="0.438" /><testcase classname="backend.tests.test_iteration9_new_features.TestHistoryTab" name="test_account_has_close_history" time="0.444" /><testcase classname="backend.tests.test_iteration9_new_features.TestHistoryTab" name="test_account_has_reopen_history" time="0.448" /><testcase classname="backend.tests.test_iteration9_new_features.TestCloseAccountHistory" name="test_close_account_creates_history_entry" time="0.877" /><testcase classname="backend.tests.test_iteration9_new_features.TestClosedAccountRestrictions" name="test_closed_account_cannot_be_edited" time="0.892" /><testcase classname="backend.tests.test_iteration9_new_features.TestClosedAccountRestrictions" name="test_closed_account_cannot_be_deleted" time="1.043" /><testcase classname="backend.tests.test_iteration9_new_features.TestClosedAccountRestrictions" name="test_closed_account_cannot_add_landed_entry" time="0.927" /><testcase classname="backend.tests.test_iteration9_new_features.TestReopenAccount" name="test_reopen_requires_reason" time="0.912" /><testcase classname="backend.tests.test_iteration9_new_features.TestReopenAccount" name="test_reopen_with_reason_works" time="0.885" /><testcase classname="backend.tests.test_iteration9_new_features.TestReopenAccount" name="test_after_reopen_edit_works" time="1.032" /><testcase classname="backend.tests.test_iteration9_new_features.TestDashboardSeparation" name="test_dashboard_summary_has_active_totals" time="0.447" /><testcase classname="backend.tests.test_iteration9_new_features.TestDashboardSeparation" name="test_dashboard_summary_has_closed_totals" time="0.455" /><testcase classname="backend.tests.test_iteration9_new_features.TestDashboardSeparation" name="test_dashboard_stats_has_account_counts" time="0.434" /><testcase classname="backend.tests.test_iteration9_new_features.TestCoreFlows" name="test_login_admin" time="0.342" /><testcase classname="backend.tests.test_iteration9_new_features.TestCoreFlows" name="test_login_operator" time="0.356" /><testcase classname="backend.tests.test_iteration9_new_features.TestCoreFlows" name="test_accounts_list" time="0.451" /></testsuite></testsuites>