<?xml version="1.0" encoding="utf-8"?><testsuites name="pytest tests"><testsuite name="pytest" errors="0" failures="0" skipped="0" tests="22" time="13.475" timestamp="2026-03-21T17:37:57.038079+00:00" hostname="agent-env-54a1417d-83b6-4d75-af71-98314a0fbbf5"><testcase classname="backend.tests.test_iteration8_bug_fixes.TestAuthAndPermissions" name="test_admin_login" time="0.429" /><testcase classname="backend.tests.test_iteration8_bug_fixes.TestAuthAndPermissions" name="test_operator1_login" time="0.336" /><testcase classname="backend.tests.test_iteration8_bug_fixes.TestAuthAndPermissions" name="test_viewer1_login" time="0.337" /><testcase classname="backend.tests.test_iteration8_bug_fixes.TestAuthAndPermissions" name="test_auth_me_returns_permissions" time="0.436" /><testcase classname="backend.tests.test_iteration8_bug_fixes.TestPermissionUpdate" name="test_admin_can_update_user_permissions" time="1.240" /><testcase classname="backend.tests.test_iteration8_bug_fixes.TestPermissionUpdate" name="test_permission_update_uses_matched_count" time="0.758" /><testcase classname="backend.tests.test_iteration8_bug_fixes.TestClosedAccountRestrictions" name="test_close_account_flow" time="0.727" /><testcase classname="backend.tests.test_iteration8_bug_fixes.TestClosedAccountRestrictions" name="test_closed_account_detail_shows_user_can_edit_false" time="0.767" /><testcase classname="backend.tests.test_iteration8_bug_fixes.TestClosedAccountRestrictions" name="test_closed_account_update_returns_403" time="0.804" /><testcase classname="backend.tests.test_iteration8_bug_fixes.TestClosedAccountRestrictions" name="test_closed_account_delete_returns_403" time="0.798" /><testcase classname="backend.tests.test_iteration8_bug_fixes.TestClosedAccountRestrictions" name="test_closed_account_add_landed_returns_403" time="0.845" /><testcase classname="backend.tests.test_iteration8_bug_fixes.TestClosedAccountRestrictions" name="test_reopen_account_requires_reason" time="0.782" /><testcase classname="backend.tests.test_iteration8_bug_fixes.TestClosedAccountRestrictions" name="test_reopen_then_edit_works" time="0.865" /><testcase classname="backend.tests.test_iteration8_bug_fixes.TestDashboardSeparation" name="test_dashboard_summary_has_closed_fields" time="0.426" /><testcase classname="backend.tests.test_iteration8_bug_fixes.TestDashboardSeparation" name="test_dashboard_stats_has_closed_count" time="0.447" /><testcase classname="backend.tests.test_iteration8_bug_fixes.TestVillagesEndpoint" name="test_villages_endpoint_returns_list" time="0.472" /><testcase classname="backend.tests.test_iteration8_bug_fixes.TestPermissionBasedAccess" name="test_viewer_cannot_add_account" time="0.434" /><testcase classname="backend.tests.test_iteration8_bug_fixes.TestPermissionBasedAccess" name="test_viewer_can_view_accounts" time="0.463" /><testcase classname="backend.tests.test_iteration8_bug_fixes.TestPermissionBasedAccess" name="test_non_admin_cannot_access_users" time="0.452" /><testcase classname="backend.tests.test_iteration8_bug_fixes.TestAccountFilters" name="test_accounts_filter_by_status" time="0.458" /><testcase classname="backend.tests.test_iteration8_bug_fixes.TestAccountFilters" name="test_accounts_filter_by_village" time="0.548" /><testcase classname="backend.tests.test_iteration8_bug_fixes.TestAccountFilters" name="test_accounts_filter_by_date_range" time="0.448" /></testsuite></testsuites>