<?xml version="1.0" encoding="utf-8"?><testsuites name="pytest tests"><testsuite name="pytest" errors="0" failures="0" skipped="0" tests="9" time="5.792" timestamp="2026-03-21T19:25:51.220122+00:00" hostname="agent-env-c15e8cae-76ef-484e-9ed2-67ad4999543b"><testcase classname="backend.tests.test_iteration10_image_upload.TestImageUploadFeature" name="test_image_upload_endpoint_exists" time="0.596" /><testcase classname="backend.tests.test_iteration10_image_upload.TestImageUploadFeature" name="test_image_upload_success" time="0.781" /><testcase classname="backend.tests.test_iteration10_image_upload.TestImageUploadFeature" name="test_image_count_updates_after_upload" time="0.990" /><testcase classname="backend.tests.test_iteration10_image_upload.TestImageUploadFeature" name="test_image_delete_success" time="0.776" /><testcase classname="backend.tests.test_iteration10_image_upload.TestImageUploadFeature" name="test_invalid_file_type_rejected" time="0.573" /><testcase classname="backend.tests.test_iteration10_image_upload.TestImageUploadFeature" name="test_invalid_jewellery_index_rejected" time="0.535" /><testcase classname="backend.tests.test_iteration10_image_upload.TestHistoryTab" name="test_account_with_history_returns_close_history" time="0.437" /><testcase classname="backend.tests.test_iteration10_image_upload.TestHistoryTab" name="test_account_with_history_returns_reopen_history" time="0.471" /><testcase classname="backend.tests.test_iteration10_image_upload.TestAccountDetailJewelleryTab" name="test_jewellery_items_include_images_array" time="0.573" /></testsuite></testsuites>