<?xml version="1.0" encoding="utf-8"?><testsuites name="pytest tests"><testsuite name="pytest" errors="0" failures="0" skipped="0" tests="15" time="9.520" timestamp="2026-03-21T19:48:36.124254+00:00" hostname="agent-env-c15e8cae-76ef-484e-9ed2-67ad4999543b"><testcase classname="tests.test_iteration11_image_modal_fixes.TestImageModalViewOnly" name="test_account_with_images_returns_images_array" time="0.493" /><testcase classname="tests.test_iteration11_image_modal_fixes.TestImageModalViewOnly" name="test_image_upload_endpoint_requires_auth" time="0.442" /><testcase classname="tests.test_iteration11_image_modal_fixes.TestImageModalViewOnly" name="test_image_delete_endpoint_requires_auth" time="0.455" /><testcase classname="tests.test_iteration11_image_modal_fixes.TestImageModalViewOnly" name="test_image_upload_works_with_auth" time="0.712" /><testcase classname="tests.test_iteration11_image_modal_fixes.TestImageModalViewOnly" name="test_image_delete_works_with_auth" time="0.654" /><testcase classname="tests.test_iteration11_image_modal_fixes.TestImageModalViewOnly" name="test_file_serve_endpoint_requires_auth" time="0.724" /><testcase classname="tests.test_iteration10_image_upload.TestImageUploadFeature" name="test_image_upload_endpoint_exists" time="0.904" /><testcase classname="tests.test_iteration10_image_upload.TestImageUploadFeature" name="test_image_upload_success" time="0.756" /><testcase classname="tests.test_iteration10_image_upload.TestImageUploadFeature" name="test_image_count_updates_after_upload" time="1.026" /><testcase classname="tests.test_iteration10_image_upload.TestImageUploadFeature" name="test_image_delete_success" time="0.786" /><testcase classname="tests.test_iteration10_image_upload.TestImageUploadFeature" name="test_invalid_file_type_rejected" time="0.542" /><testcase classname="tests.test_iteration10_image_upload.TestImageUploadFeature" name="test_invalid_jewellery_index_rejected" time="0.553" /><testcase classname="tests.test_iteration10_image_upload.TestHistoryTab" name="test_account_with_history_returns_close_history" time="0.432" /><testcase classname="tests.test_iteration10_image_upload.TestHistoryTab" name="test_account_with_history_returns_reopen_history" time="0.424" /><testcase classname="tests.test_iteration10_image_upload.TestAccountDetailJewelleryTab" name="test_jewellery_items_include_images_array" time="0.566" /></testsuite></testsuites>