<?xml version="1.0" encoding="utf-8"?><testsuites name="pytest tests"><testsuite name="pytest" errors="0" failures="0" skipped="0" tests="29" time="13.534" timestamp="2026-03-21T15:48:53.545012+00:00" hostname="agent-env-54a1417d-83b6-4d75-af71-98314a0fbbf5"><testcase classname="tests.test_iteration7_refactoring.TestAuthModule" name="test_01_health_check" time="0.252" /><testcase classname="tests.test_iteration7_refactoring.TestAuthModule" name="test_02_login_admin" time="0.422" /><testcase classname="tests.test_iteration7_refactoring.TestAuthModule" name="test_03_login_operator1" time="0.332" /><testcase classname="tests.test_iteration7_refactoring.TestAuthModule" name="test_04_login_viewer1" time="0.331" /><testcase classname="tests.test_iteration7_refactoring.TestAuthModule" name="test_05_login_invalid_credentials" time="0.332" /><testcase classname="tests.test_iteration7_refactoring.TestAuthModule" name="test_06_get_current_user" time="0.438" /><testcase classname="tests.test_iteration7_refactoring.TestDashboardModule" name="test_07_dashboard_summary" time="0.432" /><testcase classname="tests.test_iteration7_refactoring.TestDashboardModule" name="test_08_dashboard_stats" time="0.444" /><testcase classname="tests.test_iteration7_refactoring.TestAccountsModule" name="test_09_accounts_list" time="0.497" /><testcase classname="tests.test_iteration7_refactoring.TestAccountsModule" name="test_10_accounts_search" time="0.469" /><testcase classname="tests.test_iteration7_refactoring.TestAccountsModule" name="test_11_accounts_filter_by_village" time="0.445" /><testcase classname="tests.test_iteration7_refactoring.TestAccountsModule" name="test_12_accounts_filter_by_status" time="0.428" /><testcase classname="tests.test_iteration7_refactoring.TestAccountsModule" name="test_13_account_detail_acc000025" time="0.460" /><testcase classname="tests.test_iteration7_refactoring.TestAccountsModule" name="test_14_account_crud_create" time="0.450" /><testcase classname="tests.test_iteration7_refactoring.TestAccountsModule" name="test_15_account_crud_update" time="0.438" /><testcase classname="tests.test_iteration7_refactoring.TestAccountsModule" name="test_16_account_crud_delete" time="0.564" /><testcase classname="tests.test_iteration7_refactoring.TestCloseReopenFlow" name="test_17_close_reopen_flow" time="1.015" /><testcase classname="tests.test_iteration7_refactoring.TestLedgerModule" name="test_18_ledger_acc000025" time="0.436" /><testcase classname="tests.test_iteration7_refactoring.TestReportsModule" name="test_19_reports_village_summary" time="0.481" /><testcase classname="tests.test_iteration7_refactoring.TestReportsModule" name="test_20_reports_monthly_trend" time="0.441" /><testcase classname="tests.test_iteration7_refactoring.TestReportsModule" name="test_21_reports_interest_rate_distribution" time="0.426" /><testcase classname="tests.test_iteration7_refactoring.TestReportsModule" name="test_22_reports_top_borrowers" time="0.442" /><testcase classname="tests.test_iteration7_refactoring.TestExportModule" name="test_23_export_all_accounts_excel" time="0.475" /><testcase classname="tests.test_iteration7_refactoring.TestExportModule" name="test_24_export_account_excel" time="0.545" /><testcase classname="tests.test_iteration7_refactoring.TestExportModule" name="test_25_export_account_pdf" time="0.551" /><testcase classname="tests.test_iteration7_refactoring.TestUsersModule" name="test_26_users_list" time="0.433" /><testcase classname="tests.test_iteration7_refactoring.TestVillagesEndpoint" name="test_27_villages_list" time="0.460" /><testcase classname="tests.test_iteration7_refactoring.TestPermissionEnforcement" name="test_28_operator1_cannot_delete" time="0.563" /><testcase classname="tests.test_iteration7_refactoring.TestPermissionEnforcement" name="test_29_viewer1_cannot_add" time="0.435" /></testsuite></testsuites>