<?xml version="1.0" encoding="utf-8"?><testsuites name="pytest tests"><testsuite name="pytest" errors="0" failures="0" skipped="0" tests="17" time="9.235" timestamp="2026-03-21T15:39:08.862196+00:00" hostname="agent-env-54a1417d-83b6-4d75-af71-98314a0fbbf5"><testcase classname="backend.tests.test_reports_export.TestReportsAndExport" name="test_01_health_check" time="0.519" /><testcase classname="backend.tests.test_reports_export.TestReportsAndExport" name="test_02_login_flow" time="0.666" /><testcase classname="backend.tests.test_reports_export.TestReportsAndExport" name="test_03_reports_village_summary" time="0.425" /><testcase classname="backend.tests.test_reports_export.TestReportsAndExport" name="test_04_reports_monthly_trend" time="0.434" /><testcase classname="backend.tests.test_reports_export.TestReportsAndExport" name="test_05_reports_interest_rate_distribution" time="0.445" /><testcase classname="backend.tests.test_reports_export.TestReportsAndExport" name="test_06_reports_top_borrowers" time="0.530" /><testcase classname="backend.tests.test_reports_export.TestReportsAndExport" name="test_07_export_all_accounts_excel" time="0.454" /><testcase classname="backend.tests.test_reports_export.TestReportsAndExport" name="test_08_export_individual_account_excel" time="0.566" /><testcase classname="backend.tests.test_reports_export.TestReportsAndExport" name="test_09_export_individual_account_pdf" time="0.618" /><testcase classname="backend.tests.test_reports_export.TestReportsAndExport" name="test_10_export_nonexistent_account" time="0.590" /><testcase classname="backend.tests.test_reports_export.TestReportsAndExport" name="test_11_bug_fix_acc000025_entry2_interest_start_date" time="0.469" /><testcase classname="backend.tests.test_reports_export.TestReportsAndExport" name="test_12_dashboard_summary" time="0.426" /><testcase classname="backend.tests.test_reports_export.TestReportsAndExport" name="test_13_dashboard_stats" time="0.454" /><testcase classname="backend.tests.test_reports_export.TestReportsAndExport" name="test_14_accounts_list" time="0.434" /><testcase classname="backend.tests.test_reports_export.TestReportsAndExport" name="test_15_account_detail" time="0.558" /><testcase classname="backend.tests.test_reports_export.TestReportsAndExport" name="test_16_reports_require_auth" time="0.761" /><testcase classname="backend.tests.test_reports_export.TestReportsAndExport" name="test_17_export_require_auth" time="0.709" /></testsuite></testsuites>