<?xml version="1.0" encoding="utf-8"?><testsuites name="pytest tests"><testsuite name="pytest" errors="0" failures="0" skipped="0" tests="17" time="4.595" timestamp="2026-04-25T10:42:49.899740+00:00" hostname="agent-env-c15e8cae-76ef-484e-9ed2-67ad4999543b"><testcase classname="backend.tests.test_iteration15_features.TestAuth" name="test_login_success" time="0.404" /><testcase classname="backend.tests.test_iteration15_features.TestVillageMultiSelect" name="test_get_villages_list" time="0.443" /><testcase classname="backend.tests.test_iteration15_features.TestVillageMultiSelect" name="test_single_village_filter" time="0.218" /><testcase classname="backend.tests.test_iteration15_features.TestVillageMultiSelect" name="test_multi_village_filter_comma_separated" time="0.214" /><testcase classname="backend.tests.test_iteration15_features.TestVillageMultiSelect" name="test_multi_village_filter_three_villages" time="0.217" /><testcase classname="backend.tests.test_iteration15_features.TestPageSize" name="test_page_size_10" time="0.443" /><testcase classname="backend.tests.test_iteration15_features.TestPageSize" name="test_page_size_30" time="0.106" /><testcase classname="backend.tests.test_iteration15_features.TestPageSize" name="test_page_size_50" time="0.128" /><testcase classname="backend.tests.test_iteration15_features.TestPageSize" name="test_page_size_100" time="0.123" /><testcase classname="backend.tests.test_iteration15_features.TestStatusFilter" name="test_status_filter_continue" time="0.434" /><testcase classname="backend.tests.test_iteration15_features.TestStatusFilter" name="test_status_filter_closed" time="0.102" /><testcase classname="backend.tests.test_iteration15_features.TestStatusFilter" name="test_status_filter_renewed" time="0.103" /><testcase classname="backend.tests.test_iteration15_features.TestStatusFilter" name="test_status_filter_immediate_action_needed" time="0.104" /><testcase classname="backend.tests.test_iteration15_features.TestTotalPendingAmount" name="test_account_has_pending_fields" time="0.540" /><testcase classname="backend.tests.test_iteration15_features.TestTotalPendingAmount" name="test_total_pending_calculation" time="0.217" /><testcase classname="backend.tests.test_iteration15_features.TestRichTextDetails" name="test_account_details_field_exists" time="0.539" /><testcase classname="backend.tests.test_iteration15_features.TestRichTextDetails" name="test_create_account_with_rich_text" time="0.201" /></testsuite></testsuites>