<?xml version="1.0" encoding="utf-8"?><testsuites name="pytest tests"><testsuite name="pytest" errors="0" failures="0" skipped="0" tests="7" time="4.360" timestamp="2026-03-21T15:30:47.986101+00:00" hostname="agent-env-54a1417d-83b6-4d75-af71-98314a0fbbf5"><testcase classname="backend.tests.test_payment_date_bug_fix.TestPaymentDateBugFix" name="test_01_health_check" time="0.679" /><testcase classname="backend.tests.test_payment_date_bug_fix.TestPaymentDateBugFix" name="test_02_existing_account_acc000025_interest_start_dates" time="0.448" /><testcase classname="backend.tests.test_payment_date_bug_fix.TestPaymentDateBugFix" name="test_03_create_new_test_account_verify_bug_fix" time="0.711" /><testcase classname="backend.tests.test_payment_date_bug_fix.TestPaymentDateBugFix" name="test_04_chronological_ledger_running_balance" time="0.660" /><testcase classname="backend.tests.test_payment_date_bug_fix.TestPaymentDateBugFix" name="test_05_payment_distribution_interest_first_then_principal" time="0.656" /><testcase classname="backend.tests.test_payment_date_bug_fix.TestPaymentDateBugFix" name="test_06_core_flows_login_account_list_detail" time="0.573" /><testcase classname="backend.tests.test_payment_date_bug_fix.TestPaymentDateBugFix" name="test_07_dashboard_summary" time="0.446" /></testsuite></testsuites>