<?xml version="1.0" encoding="utf-8"?><testsuites name="pytest tests"><testsuite name="pytest" errors="0" failures="0" skipped="0" tests="9" time="2.201" timestamp="2026-06-20T13:21:46.612060+00:00" hostname="agent-env-c1927bab-5df9-4caf-bea1-4e8a43d89464"><testcase classname="backend.tests.test_iteration17_bug_fixes.TestImagePreservation" name="test_seeded_account_has_images" time="0.569" /><testcase classname="backend.tests.test_iteration17_bug_fixes.TestImagePreservation" name="test_edit_without_sending_images_preserves_them" time="0.428" /><testcase classname="backend.tests.test_iteration17_bug_fixes.TestImagePreservation" name="test_edit_with_explicit_images_overrides" time="0.329" /><testcase classname="backend.tests.test_iteration17_bug_fixes.TestExcelExportColumns" name="test_accounts_excel_has_audit_columns" time="0.123" /><testcase classname="backend.tests.test_iteration17_bug_fixes.TestSortNewColumns" name="test_sort_field[asc-created_at]" time="0.102" /><testcase classname="backend.tests.test_iteration17_bug_fixes.TestSortNewColumns" name="test_sort_field[asc-updated_at]" time="0.103" /><testcase classname="backend.tests.test_iteration17_bug_fixes.TestSortNewColumns" name="test_sort_field[desc-created_at]" time="0.102" /><testcase classname="backend.tests.test_iteration17_bug_fixes.TestSortNewColumns" name="test_sort_field[desc-updated_at]" time="0.111" /><testcase classname="backend.tests.test_iteration17_bug_fixes.TestAuditFieldsExposed" name="test_audit_fields_in_list" time="0.105" /></testsuite></testsuites>