<?xml version="1.0" encoding="utf-8"?><testsuites name="pytest tests"><testsuite name="pytest" errors="0" failures="0" skipped="0" tests="10" time="1.719" timestamp="2026-06-28T12:20:45.797168+00:00" hostname="agent-env-c1927bab-5df9-4caf-bea1-4e8a43d89464"><testcase classname="backend.tests.test_iteration18_bug_fixes.TestOpeningDateLocked" name="test_reject_opening_date_change" time="0.607" /><testcase classname="backend.tests.test_iteration18_bug_fixes.TestOpeningDateLocked" name="test_reject_received_before_opening" time="0.100" /><testcase classname="backend.tests.test_iteration18_bug_fixes.TestOpeningDateLocked" name="test_reject_landed_before_opening" time="0.102" /><testcase classname="backend.tests.test_iteration18_bug_fixes.TestPaymentsAndAllocations" name="test_preview_returns_per_entry" time="0.126" /><testcase classname="backend.tests.test_iteration18_bug_fixes.TestPaymentsAndAllocations" name="test_preview_rejects_before_opening" time="0.107" /><testcase classname="backend.tests.test_iteration18_bug_fixes.TestPaymentsAndAllocations" name="test_account_has_allocation_fields" time="0.097" /><testcase classname="backend.tests.test_iteration18_bug_fixes.TestPaymentsAndAllocations" name="test_manual_validation_sum_mismatch" time="0.102" /><testcase classname="backend.tests.test_iteration18_bug_fixes.TestPaymentsAndAllocations" name="test_manual_validation_exceeds_outstanding" time="0.212" /><testcase classname="backend.tests.test_iteration18_bug_fixes.TestPaymentsAndAllocations" name="test_manual_validation_empty_allocations" time="0.116" /><testcase classname="backend.tests.test_iteration18_bug_fixes.TestFifoAllocation" name="test_fifo_sequential_per_entry" time="0.102" /></testsuite></testsuites>