<?xml version="1.0" encoding="utf-8"?><testsuites name="pytest tests"><testsuite name="pytest" errors="0" failures="0" skipped="0" tests="15" time="4.491" timestamp="2026-05-09T18:51:36.963300+00:00" hostname="agent-env-ffbcc191-91b0-4451-a19c-bb4d7c22e579"><testcase classname="backend.tests.test_iteration16_notes_regression" name="test_login_admin_success" time="0.423" /><testcase classname="backend.tests.test_iteration16_notes_regression" name="test_login_invalid_credentials" time="0.338" /><testcase classname="backend.tests.test_iteration16_notes_regression" name="test_create_account_notes_persisted_on_create_response" time="0.462" /><testcase classname="backend.tests.test_iteration16_notes_regression" name="test_get_account_returns_notes" time="0.108" /><testcase classname="backend.tests.test_iteration16_notes_regression" name="test_add_landed_entry_persists_note" time="0.208" /><testcase classname="backend.tests.test_iteration16_notes_regression" name="test_add_received_entry_persists_note" time="0.303" /><testcase classname="backend.tests.test_iteration16_notes_regression" name="test_put_full_payload_updates_notes" time="0.332" /><testcase classname="backend.tests.test_iteration16_notes_regression" name="test_partial_update_preserves_remaining_principal" time="0.575" /><testcase classname="backend.tests.test_iteration16_notes_regression" name="test_enhanced_ledger_user_note_and_interest_start_date" time="0.109" /><testcase classname="backend.tests.test_iteration16_notes_regression" name="test_put_status_closed_adds_close_history" time="0.415" /><testcase classname="backend.tests.test_iteration16_notes_regression" name="test_accounts_list_with_filters" time="0.113" /><testcase classname="backend.tests.test_iteration16_notes_regression" name="test_dashboard_stats" time="0.107" /><testcase classname="backend.tests.test_iteration16_notes_regression" name="test_ledger_endpoint" time="0.109" /><testcase classname="backend.tests.test_iteration16_notes_regression" name="test_villages_endpoint" time="0.113" /><testcase classname="backend.tests.test_iteration16_notes_regression" name="test_close_then_reopen_endpoint" time="0.693" /></testsuite></testsuites>